<!DOCTYPE html PUBLIC "-//W3C//DTD XHTML 1.1//EN" "https://www.w3.org/TR/xhtml11/DTD/xhtml11.dtd">
<html xmlns="https://www.w3.org/1999/xhtml">
<head>
<meta charset='utf-8'>
<title>TestNG Report</title>
<style type="text/css">
table {margin-bottom:10px;border-collapse:collapse;empty-cells:show}
td,th {border:1px solid #009;padding:.25em .5em}
.result th {vertical-align:bottom}
.param th {padding-left:1em;padding-right:1em}
.param td {padding-left:.5em;padding-right:2em}
.stripe td,.stripe th {background-color: #E6EBF9}
.numi,.numi_attn {text-align:right}
.total td {font-weight:bold}
.passedodd td {background-color: #0A0}
.passedeven td {background-color: #3F3}
.skippedodd td {background-color: #CCC}
.skippedodd td {background-color: #DDD}
.failedodd td,.numi_attn {background-color: #F33}
.failedeven td,.stripe .numi_attn {background-color: #D00}
.stacktrace {white-space:pre;font-family:monospace}
.totop {font-size:85%;text-align:center;border-bottom:2px solid #000}
</style>
</head>
<body>
<table cellspacing="0" cellpadding="0" class="testOverview">
<tr><th>Test</th><th>Methods<br/>Passed</th><th>Scenarios<br/>Passed</th><th># skipped</th><th># failed</th><th>Total<br/>Time</th><th>Included<br/>Groups</th><th>Excluded<br/>Groups</th></tr>
<tr><td style="text-align:left;padding-right:2em"><a href="#t1">PamisDasboardUI_Test</a></td><td class="numi">8</td><td class="numi">8</td><td class="numi_attn">5</td><td class="numi_attn">3</td><td class="numi">184.2 seconds</td><td class="numi"></td><td class="numi"></td></tr>
</table>
<table cellspacing="0" cellpadding="0" class="methodOverview" id="summary">
<tr><th>Class</th><th>Method</th><th># of<br/>Scenarios</th><th>Start</th><th>Time<br/>(ms)</th></tr>
<tr id="t1"><th colspan="5">PamisDasboardUI_Test &#8212; failed (configuration methods)</th></tr>
<tr class="failedodd"><td rowspan="4">Test.TurkeyPT27Page_Test</td><td><a href="#m1"><b>beforemethod</b>  </a></td><td class="numi">1</td><td>1686039223566</td><td class="numi">6696</td></tr><tr class="failedodd"><td><a href="#m2"><b>beforemethod</b>  </a></td><td class="numi">1</td><td>1686039223566</td><td class="numi">6696</td></tr><tr class="failedodd"><td><a href="#m3"><b>beforemethod</b>  </a></td><td class="numi">1</td><td>1686039223566</td><td class="numi">6696</td></tr><tr class="failedodd"><td><a href="#m4"><b>beforemethod</b>  </a></td><td class="numi">1</td><td>1686039223566</td><td class="numi">6696</td></tr>
<tr class="failedeven"><td rowspan="2">Test.HomePage_Test</td><td><a href="#m5"><b>beforemethod</b>  </a></td><td class="numi">1</td><td>1686039230265</td><td class="numi">2120</td></tr><tr class="failedeven"><td><a href="#m6"><b>beforemethod</b>  </a></td><td class="numi">1</td><td>1686039230265</td><td class="numi">2120</td></tr>
<tr><th colspan="5">PamisDasboardUI_Test &#8212; failed</th></tr>
<tr class="failedodd"><td rowspan="3">Test.LoginPageTest</td><td><a href="#m7"><b>InvalidPassword</b>  ("Invalid Password")</a></td><td class="numi">1</td><td>1686039067657</td><td class="numi">12243</td></tr><tr class="failedodd"><td><a href="#m8"><b>InvalidUsername</b>  ("Invalid Username")</a></td><td class="numi">1</td><td>1686039083820</td><td class="numi">12259</td></tr><tr class="failedodd"><td><a href="#m9"><b>LockedAfterWrongCredentials3Times</b>  ("Locked After Wrong Credentials 3 Times")</a></td><td class="numi">1</td><td>1686039100114</td><td class="numi">36869</td></tr>
<tr><th colspan="5">PamisDasboardUI_Test &#8212; skipped (configuration methods)</th></tr>
<tr class="skippedodd"><td rowspan="8">Test.TurkeyPT27Page_Test</td><td><a href="#m10"><b>beforemethod</b>  </a></td><td class="numi">2</td><td>1686039230264</td><td class="numi">-1686039230264</td></tr><tr class="skippedodd"><td><a href="#m11"><b>aftermethod</b>  </a></td><td class="numi">3</td><td>1686039230264</td><td class="numi">-1686039230264</td></tr><tr class="skippedodd"><td><a href="#m12"><b>beforemethod</b>  </a></td><td class="numi">2</td><td>1686039230264</td><td class="numi">-1686039230264</td></tr><tr class="skippedodd"><td><a href="#m13"><b>aftermethod</b>  </a></td><td class="numi">3</td><td>1686039230264</td><td class="numi">-1686039230264</td></tr><tr class="skippedodd"><td><a href="#m14"><b>beforemethod</b>  </a></td><td class="numi">2</td><td>1686039230264</td><td class="numi">-1686039230264</td></tr><tr class="skippedodd"><td><a href="#m15"><b>aftermethod</b>  </a></td><td class="numi">3</td><td>1686039230264</td><td class="numi">-1686039230264</td></tr><tr class="skippedodd"><td><a href="#m16"><b>beforemethod</b>  </a></td><td class="numi">2</td><td>1686039230264</td><td class="numi">-1686039230264</td></tr><tr class="skippedodd"><td><a href="#m17"><b>aftermethod</b>  </a></td><td class="numi">3</td><td>1686039230264</td><td class="numi">-1686039230264</td></tr>
<tr class="skippedeven"><td rowspan="4">Test.HomePage_Test</td><td><a href="#m18"><b>beforemethod</b>  </a></td><td class="numi">1</td><td>1686039232386</td><td class="numi">-1686039232386</td></tr><tr class="skippedeven"><td><a href="#m19"><b>aftermethod</b>  </a></td><td class="numi">2</td><td>1686039232385</td><td class="numi">-1686039232385</td></tr><tr class="skippedeven"><td><a href="#m20"><b>beforemethod</b>  </a></td><td class="numi">1</td><td>1686039232386</td><td class="numi">-1686039232386</td></tr><tr class="skippedeven"><td><a href="#m21"><b>aftermethod</b>  </a></td><td class="numi">2</td><td>1686039232385</td><td class="numi">-1686039232385</td></tr>
<tr><th colspan="5">PamisDasboardUI_Test &#8212; skipped</th></tr>
<tr class="skippedodd"><td rowspan="3">Test.TurkeyPT27Page_Test</td><td><a href="#m22"><b>Test_WorkcenterPT27OEEValue</b>  </a></td><td class="numi">1</td><td>1686039230264</td><td class="numi">0</td></tr><tr class="skippedodd"><td><a href="#m23"><b>Test_WorkcenterPT27PerformanceValue</b>  </a></td><td class="numi">1</td><td>1686039230264</td><td class="numi">0</td></tr><tr class="skippedodd"><td><a href="#m24"><b>Test_WorkcenterPT27QualityValue</b>  </a></td><td class="numi">1</td><td>1686039230265</td><td class="numi">0</td></tr>
<tr class="skippedeven"><td rowspan="2">Test.HomePage_Test</td><td><a href="#m25"><b>Test_Country</b>  </a></td><td class="numi">1</td><td>1686039232385</td><td class="numi">0</td></tr><tr class="skippedeven"><td><a href="#m26"><b>Test_Workcenter</b>  </a></td><td class="numi">1</td><td>1686039232386</td><td class="numi">0</td></tr>
<tr><th colspan="5">PamisDasboardUI_Test &#8212; passed</th></tr>
<tr class="passedodd"><td rowspan="7">Test.LoginPageTest</td><td><a href="#m27"><b>EmptyPassword</b>  ("Empty Password")</a></td><td class="numi">1</td><td>1686039055476</td><td class="numi">178</td></tr><tr class="passedodd"><td><a href="#m28"><b>EmptyUsername</b>  ("Empty Username")</a></td><td class="numi">1</td><td>1686039060518</td><td class="numi">3170</td></tr><tr class="passedodd"><td><a href="#m29"><b>MinimumPassword</b>  ("Minimum Password")</a></td><td class="numi">1</td><td>1686039141808</td><td class="numi">155</td></tr><tr class="passedodd"><td><a href="#m30"><b>MinimumUsername</b>  ("Minimum Username")</a></td><td class="numi">1</td><td>1686039146112</td><td class="numi">149</td></tr><tr class="passedodd"><td><a href="#m31"><b>PasswordMasked</b>  ("Password Masked")</a></td><td class="numi">1</td><td>1686039151388</td><td class="numi">35</td></tr><tr class="passedodd"><td><a href="#m32"><b>SuccessLogin</b>  ("Success Login")</a></td><td class="numi">1</td><td>1686039155423</td><td class="numi">9253</td></tr><tr class="passedodd"><td><a href="#m33"><b>logoutbacklogin</b>  ("after logout back login")</a></td><td class="numi">1</td><td>1686039168410</td><td class="numi">26573</td></tr>
<tr class="passedeven"><td>Test.TurkeyPT27Page_Test</td><td><a href="#m34"><b>Test_WorkcenterPT27AvailabilityValue</b>  </a></td><td class="numi">1</td><td>1686039208174</td><td class="numi">14526</td></tr>
</table>
<h1>PamisDasboardUI_Test</h1>
<h2 id="m1">Test.HomePage_Test:beforemethod</h2>
<div>
<div class="stacktrace">java.lang.AssertionError: Trying Success Login is Fail
	at Base.Base.loginmethod(Base.java:73)
	at Test.HomePage_Test.beforemethod(HomePage_Test.java:21)
	at java.util.ArrayList.forEach(ArrayList.java:1259)
	at com.intellij.rt.testng.IDEARemoteTestNG.run(IDEARemoteTestNG.java:66)
	at com.intellij.rt.testng.RemoteTestNGStarter.main(RemoteTestNGStarter.java:109)
... Removed 29 stack frames</div>
</div>
<p class="totop"><a href="#summary">back to summary</a></p>
<h2 id="m2">Test.TurkeyPT27Page_Test:beforemethod</h2>
<div>
<div class="stacktrace">java.lang.AssertionError: Trying Success Login is Fail
	at Base.Base.loginmethod(Base.java:73)
	at Test.TurkeyPT27Page_Test.beforemethod(TurkeyPT27Page_Test.java:18)
	at java.util.ArrayList.forEach(ArrayList.java:1259)
	at com.intellij.rt.testng.IDEARemoteTestNG.run(IDEARemoteTestNG.java:66)
	at com.intellij.rt.testng.RemoteTestNGStarter.main(RemoteTestNGStarter.java:109)
... Removed 29 stack frames</div>
</div>
<p class="totop"><a href="#summary">back to summary</a></p>
<h2 id="m3">Test.LoginPageTest:InvalidPassword</h2>
<div>
<div class="stacktrace">java.lang.AssertionError: Invalid Password Check is Fail
	at Test.LoginPageTest.InvalidPassword(LoginPageTest.java:98)
	at java.util.ArrayList.forEach(ArrayList.java:1259)
	at com.intellij.rt.testng.IDEARemoteTestNG.run(IDEARemoteTestNG.java:66)
	at com.intellij.rt.testng.RemoteTestNGStarter.main(RemoteTestNGStarter.java:109)
... Removed 25 stack frames</div>
</div>
<p class="totop"><a href="#summary">back to summary</a></p>
<h2 id="m4">Test.LoginPageTest:InvalidUsername</h2>
<div>
<div class="stacktrace">java.lang.AssertionError: Invalid Username Check is Fail
	at Test.LoginPageTest.InvalidUsername(LoginPageTest.java:77)
	at java.util.ArrayList.forEach(ArrayList.java:1259)
	at com.intellij.rt.testng.IDEARemoteTestNG.run(IDEARemoteTestNG.java:66)
	at com.intellij.rt.testng.RemoteTestNGStarter.main(RemoteTestNGStarter.java:109)
... Removed 25 stack frames</div>
</div>
<p class="totop"><a href="#summary">back to summary</a></p>
<h2 id="m5">Test.LoginPageTest:LockedAfterWrongCredentials3Times</h2>
<div>
<div class="stacktrace">java.lang.AssertionError: Account Locked Test i Fail
	at Test.LoginPageTest.LockedAfterWrongCredentials3Times(LoginPageTest.java:236)
	at java.util.ArrayList.forEach(ArrayList.java:1259)
	at com.intellij.rt.testng.IDEARemoteTestNG.run(IDEARemoteTestNG.java:66)
	at com.intellij.rt.testng.RemoteTestNGStarter.main(RemoteTestNGStarter.java:109)
... Removed 25 stack frames</div>
</div>
<p class="totop"><a href="#summary">back to summary</a></p>
<h2 id="m6">Test.TurkeyPT27Page_Test:aftermethod</h2>
<p class="totop"><a href="#summary">back to summary</a></p>
<h2 id="m7">Test.TurkeyPT27Page_Test:aftermethod</h2>
<p class="totop"><a href="#summary">back to summary</a></p>
<h2 id="m8">Test.HomePage_Test:beforemethod</h2>
<p class="totop"><a href="#summary">back to summary</a></p>
<h2 id="m9">Test.TurkeyPT27Page_Test:beforemethod</h2>
<p class="totop"><a href="#summary">back to summary</a></p>
<h2 id="m10">Test.TurkeyPT27Page_Test:aftermethod</h2>
<p class="totop"><a href="#summary">back to summary</a></p>
<h2 id="m11">Test.HomePage_Test:aftermethod</h2>
<p class="totop"><a href="#summary">back to summary</a></p>
<h2 id="m12">Test.HomePage_Test:aftermethod</h2>
<p class="totop"><a href="#summary">back to summary</a></p>
<h2 id="m13">Test.TurkeyPT27Page_Test:beforemethod</h2>
<p class="totop"><a href="#summary">back to summary</a></p>
<h2 id="m14">Test.TurkeyPT27Page_Test:Test_WorkcenterPT27PerformanceValue</h2>
<div>
<div class="stacktrace">java.lang.AssertionError: Trying Success Login is Fail
	at Base.Base.loginmethod(Base.java:73)
	at Test.TurkeyPT27Page_Test.beforemethod(TurkeyPT27Page_Test.java:18)
	at java.util.ArrayList.forEach(ArrayList.java:1259)
	at com.intellij.rt.testng.IDEARemoteTestNG.run(IDEARemoteTestNG.java:66)
	at com.intellij.rt.testng.RemoteTestNGStarter.main(RemoteTestNGStarter.java:109)
... Removed 29 stack frames</div>
</div>
<p class="totop"><a href="#summary">back to summary</a></p>
<h2 id="m15">Test.TurkeyPT27Page_Test:Test_WorkcenterPT27OEEValue</h2>
<div>
<div class="stacktrace">java.lang.AssertionError: Trying Success Login is Fail
	at Base.Base.loginmethod(Base.java:73)
	at Test.TurkeyPT27Page_Test.beforemethod(TurkeyPT27Page_Test.java:18)
	at java.util.ArrayList.forEach(ArrayList.java:1259)
	at com.intellij.rt.testng.IDEARemoteTestNG.run(IDEARemoteTestNG.java:66)
	at com.intellij.rt.testng.RemoteTestNGStarter.main(RemoteTestNGStarter.java:109)
... Removed 29 stack frames</div>
</div>
<p class="totop"><a href="#summary">back to summary</a></p>
<h2 id="m16">Test.HomePage_Test:Test_Workcenter</h2>
<div>
<div class="stacktrace">java.lang.AssertionError: Trying Success Login is Fail
	at Base.Base.loginmethod(Base.java:73)
	at Test.HomePage_Test.beforemethod(HomePage_Test.java:21)
	at java.util.ArrayList.forEach(ArrayList.java:1259)
	at com.intellij.rt.testng.IDEARemoteTestNG.run(IDEARemoteTestNG.java:66)
	at com.intellij.rt.testng.RemoteTestNGStarter.main(RemoteTestNGStarter.java:109)
... Removed 29 stack frames</div>
</div>
<p class="totop"><a href="#summary">back to summary</a></p>
<h2 id="m17">Test.TurkeyPT27Page_Test:Test_WorkcenterPT27QualityValue</h2>
<div>
<div class="stacktrace">java.lang.AssertionError: Trying Success Login is Fail
	at Base.Base.loginmethod(Base.java:73)
	at Test.TurkeyPT27Page_Test.beforemethod(TurkeyPT27Page_Test.java:18)
	at java.util.ArrayList.forEach(ArrayList.java:1259)
	at com.intellij.rt.testng.IDEARemoteTestNG.run(IDEARemoteTestNG.java:66)
	at com.intellij.rt.testng.RemoteTestNGStarter.main(RemoteTestNGStarter.java:109)
... Removed 29 stack frames</div>
</div>
<p class="totop"><a href="#summary">back to summary</a></p>
<h2 id="m18">Test.HomePage_Test:Test_Country</h2>
<div>
<div class="stacktrace">java.lang.AssertionError: Trying Success Login is Fail
	at Base.Base.loginmethod(Base.java:73)
	at Test.HomePage_Test.beforemethod(HomePage_Test.java:21)
	at java.util.ArrayList.forEach(ArrayList.java:1259)
	at com.intellij.rt.testng.IDEARemoteTestNG.run(IDEARemoteTestNG.java:66)
	at com.intellij.rt.testng.RemoteTestNGStarter.main(RemoteTestNGStarter.java:109)
... Removed 29 stack frames</div>
</div>
<p class="totop"><a href="#summary">back to summary</a></p>
<h2 id="m19">Test.LoginPageTest:MinimumUsername</h2>
<p class="totop"><a href="#summary">back to summary</a></p>
<h2 id="m20">Test.LoginPageTest:logoutbacklogin</h2>
<p class="totop"><a href="#summary">back to summary</a></p>
<h2 id="m21">Test.LoginPageTest:EmptyUsername</h2>
<p class="totop"><a href="#summary">back to summary</a></p>
<h2 id="m22">Test.TurkeyPT27Page_Test:Test_WorkcenterPT27AvailabilityValue</h2>
<p class="totop"><a href="#summary">back to summary</a></p>
<h2 id="m23">Test.LoginPageTest:MinimumPassword</h2>
<p class="totop"><a href="#summary">back to summary</a></p>
<h2 id="m24">Test.LoginPageTest:EmptyPassword</h2>
<p class="totop"><a href="#summary">back to summary</a></p>
<h2 id="m25">Test.LoginPageTest:PasswordMasked</h2>
<p class="totop"><a href="#summary">back to summary</a></p>
<h2 id="m26">Test.LoginPageTest:SuccessLogin</h2>
<p class="totop"><a href="#summary">back to summary</a></p>
</body></html>
